<?xml version="1.0" encoding="UTF-8"?>
<testsuite name="com.jeongmin.springboot.web.IndexControllerTest" tests="1" skipped="0" failures="0" errors="0" timestamp="2021-04-26T08:14:42" hostname="DESKTOP-1Q5QTS0" time="0.319">
  <properties/>
  <testcase name="메인페이지_로딩" classname="com.jeongmin.springboot.web.IndexControllerTest" time="0.319"/>
  <system-out><![CDATA[17:14:36.418 [Test worker] DEBUG org.springframework.test.context.junit4.SpringJUnit4ClassRunner - SpringJUnit4ClassRunner constructor called with [class com.jeongmin.springboot.web.IndexControllerTest]
17:14:36.427 [Test worker] DEBUG org.springframework.test.context.BootstrapUtils - Instantiating CacheAwareContextLoaderDelegate from class [org.springframework.test.context.cache.DefaultCacheAwareContextLoaderDelegate]
17:14:36.437 [Test worker] DEBUG org.springframework.test.context.BootstrapUtils - Instantiating BootstrapContext using constructor [public org.springframework.test.context.support.DefaultBootstrapContext(java.lang.Class,org.springframework.test.context.CacheAwareContextLoaderDelegate)]
17:14:36.458 [Test worker] DEBUG org.springframework.test.context.BootstrapUtils - Instantiating TestContextBootstrapper for test class [com.jeongmin.springboot.web.IndexControllerTest] from class [org.springframework.boot.test.context.SpringBootTestContextBootstrapper]
17:14:36.472 [Test worker] INFO org.springframework.boot.test.context.SpringBootTestContextBootstrapper - Neither @ContextConfiguration nor @ContextHierarchy found for test class [com.jeongmin.springboot.web.IndexControllerTest], using SpringBootContextLoader
17:14:36.476 [Test worker] DEBUG org.springframework.test.context.support.AbstractContextLoader - Did not detect default resource location for test class [com.jeongmin.springboot.web.IndexControllerTest]: class path resource [com/jeongmin/springboot/web/IndexControllerTest-context.xml] does not exist
17:14:36.477 [Test worker] DEBUG org.springframework.test.context.support.AbstractContextLoader - Did not detect default resource location for test class [com.jeongmin.springboot.web.IndexControllerTest]: class path resource [com/jeongmin/springboot/web/IndexControllerTestContext.groovy] does not exist
17:14:36.477 [Test worker] INFO org.springframework.test.context.support.AbstractContextLoader - Could not detect default resource locations for test class [com.jeongmin.springboot.web.IndexControllerTest]: no resource found for suffixes {-context.xml, Context.groovy}.
17:14:36.478 [Test worker] INFO org.springframework.test.context.support.AnnotationConfigContextLoaderUtils - Could not detect default configuration classes for test class [com.jeongmin.springboot.web.IndexControllerTest]: IndexControllerTest does not declare any static, non-private, non-final, nested classes annotated with @Configuration.
17:14:36.525 [Test worker] DEBUG org.springframework.test.context.support.ActiveProfilesUtils - Could not find an 'annotation declaring class' for annotation type [org.springframework.test.context.ActiveProfiles] and class [com.jeongmin.springboot.web.IndexControllerTest]
17:14:36.620 [Test worker] DEBUG org.springframework.context.annotation.ClassPathScanningCandidateComponentProvider - Identified candidate component class: file [C:\springboot-webservice-book\build\classes\java\main\com\jeongmin\springboot\Application.class]
17:14:36.622 [Test worker] INFO org.springframework.boot.test.context.SpringBootTestContextBootstrapper - Found @SpringBootConfiguration com.jeongmin.springboot.Application for test class com.jeongmin.springboot.web.IndexControllerTest
17:14:36.717 [Test worker] DEBUG org.springframework.boot.test.context.SpringBootTestContextBootstrapper - @TestExecutionListeners is not present for class [com.jeongmin.springboot.web.IndexControllerTest]: using defaults.
17:14:36.718 [Test worker] INFO org.springframework.boot.test.context.SpringBootTestContextBootstrapper - Loaded default TestExecutionListener class names from location [META-INF/spring.factories]: [org.springframework.boot.test.autoconfigure.restdocs.RestDocsTestExecutionListener, org.springframework.boot.test.autoconfigure.web.client.MockRestServiceServerResetTestExecutionListener, org.springframework.boot.test.autoconfigure.web.servlet.MockMvcPrintOnlyOnFailureTestExecutionListener, org.springframework.boot.test.autoconfigure.web.servlet.WebDriverTestExecutionListener, org.springframework.boot.test.mock.mockito.MockitoTestExecutionListener, org.springframework.boot.test.mock.mockito.ResetMocksTestExecutionListener, org.springframework.test.context.web.ServletTestExecutionListener, org.springframework.test.context.support.DirtiesContextBeforeModesTestExecutionListener, org.springframework.test.context.support.DependencyInjectionTestExecutionListener, org.springframework.test.context.support.DirtiesContextTestExecutionListener, org.springframework.test.context.transaction.TransactionalTestExecutionListener, org.springframework.test.context.jdbc.SqlScriptsTestExecutionListener]
17:14:36.741 [Test worker] INFO org.springframework.boot.test.context.SpringBootTestContextBootstrapper - Using TestExecutionListeners: [org.springframework.test.context.web.ServletTestExecutionListener@3497e791, org.springframework.test.context.support.DirtiesContextBeforeModesTestExecutionListener@6c189e02, org.springframework.boot.test.mock.mockito.MockitoTestExecutionListener@5c4ca6d, org.springframework.boot.test.autoconfigure.SpringBootDependencyInjectionTestExecutionListener@708935a8, org.springframework.test.context.support.DirtiesContextTestExecutionListener@7b29ef47, org.springframework.test.context.transaction.TransactionalTestExecutionListener@53e996ae, org.springframework.test.context.jdbc.SqlScriptsTestExecutionListener@70ddb91c, org.springframework.boot.test.autoconfigure.restdocs.RestDocsTestExecutionListener@4940e6da, org.springframework.boot.test.autoconfigure.web.client.MockRestServiceServerResetTestExecutionListener@7da77b62, org.springframework.boot.test.autoconfigure.web.servlet.MockMvcPrintOnlyOnFailureTestExecutionListener@6264ce9e, org.springframework.boot.test.autoconfigure.web.servlet.WebDriverTestExecutionListener@7fec9e97, org.springframework.boot.test.mock.mockito.ResetMocksTestExecutionListener@3154d186]
17:14:36.745 [Test worker] DEBUG org.springframework.test.annotation.ProfileValueUtils - Retrieved @ProfileValueSourceConfiguration [null] for test class [com.jeongmin.springboot.web.IndexControllerTest]
17:14:36.745 [Test worker] DEBUG org.springframework.test.annotation.ProfileValueUtils - Retrieved ProfileValueSource type [class org.springframework.test.annotation.SystemProfileValueSource] for class [com.jeongmin.springboot.web.IndexControllerTest]
17:14:36.751 [Test worker] DEBUG org.springframework.test.annotation.ProfileValueUtils - Retrieved @ProfileValueSourceConfiguration [null] for test class [com.jeongmin.springboot.web.IndexControllerTest]
17:14:36.751 [Test worker] DEBUG org.springframework.test.annotation.ProfileValueUtils - Retrieved ProfileValueSource type [class org.springframework.test.annotation.SystemProfileValueSource] for class [com.jeongmin.springboot.web.IndexControllerTest]
17:14:36.752 [Test worker] DEBUG org.springframework.test.annotation.ProfileValueUtils - Retrieved @ProfileValueSourceConfiguration [null] for test class [com.jeongmin.springboot.web.IndexControllerTest]
17:14:36.752 [Test worker] DEBUG org.springframework.test.annotation.ProfileValueUtils - Retrieved ProfileValueSource type [class org.springframework.test.annotation.SystemProfileValueSource] for class [com.jeongmin.springboot.web.IndexControllerTest]
17:14:36.758 [Test worker] DEBUG org.springframework.test.context.support.AbstractDirtiesContextTestExecutionListener - Before test class: context [DefaultTestContext@581db3b0 testClass = IndexControllerTest, testInstance = [null], testMethod = [null], testException = [null], mergedContextConfiguration = [WebMergedContextConfiguration@1f21328f testClass = IndexControllerTest, locations = '{}', classes = '{class com.jeongmin.springboot.Application}', contextInitializerClasses = '[]', activeProfiles = '{}', propertySourceLocations = '{}', propertySourceProperties = '{org.springframework.boot.test.context.SpringBootTestContextBootstrapper=true, server.port=0}', contextCustomizers = set[org.springframework.boot.test.autoconfigure.properties.PropertyMappingContextCustomizer@0, org.springframework.boot.test.autoconfigure.web.servlet.WebDriverContextCustomizerFactory$Customizer@15b58fd0, org.springframework.boot.test.context.filter.ExcludeFilterContextCustomizer@53c25fe1, org.springframework.boot.test.json.DuplicateJsonObjectContextCustomizerFactory$DuplicateJsonObjectContextCustomizer@9e4614b, org.springframework.boot.test.mock.mockito.MockitoContextCustomizer@0, org.springframework.boot.test.web.client.TestRestTemplateContextCustomizer@1c0341a6], resourceBasePath = 'src/main/webapp', contextLoader = 'org.springframework.boot.test.context.SpringBootContextLoader', parent = [null]], attributes = map['org.springframework.test.context.web.ServletTestExecutionListener.activateListener' -> false]], class annotated with @DirtiesContext [false] with mode [null].
17:14:36.759 [Test worker] DEBUG org.springframework.test.annotation.ProfileValueUtils - Retrieved @ProfileValueSourceConfiguration [null] for test class [com.jeongmin.springboot.web.IndexControllerTest]
17:14:36.759 [Test worker] DEBUG org.springframework.test.annotation.ProfileValueUtils - Retrieved ProfileValueSource type [class org.springframework.test.annotation.SystemProfileValueSource] for class [com.jeongmin.springboot.web.IndexControllerTest]
17:14:36.766 [Test worker] DEBUG org.springframework.test.context.support.DependencyInjectionTestExecutionListener - Performing dependency injection for test context [[DefaultTestContext@581db3b0 testClass = IndexControllerTest, testInstance = com.jeongmin.springboot.web.IndexControllerTest@2d292a53, testMethod = [null], testException = [null], mergedContextConfiguration = [WebMergedContextConfiguration@1f21328f testClass = IndexControllerTest, locations = '{}', classes = '{class com.jeongmin.springboot.Application}', contextInitializerClasses = '[]', activeProfiles = '{}', propertySourceLocations = '{}', propertySourceProperties = '{org.springframework.boot.test.context.SpringBootTestContextBootstrapper=true, server.port=0}', contextCustomizers = set[org.springframework.boot.test.autoconfigure.properties.PropertyMappingContextCustomizer@0, org.springframework.boot.test.autoconfigure.web.servlet.WebDriverContextCustomizerFactory$Customizer@15b58fd0, org.springframework.boot.test.context.filter.ExcludeFilterContextCustomizer@53c25fe1, org.springframework.boot.test.json.DuplicateJsonObjectContextCustomizerFactory$DuplicateJsonObjectContextCustomizer@9e4614b, org.springframework.boot.test.mock.mockito.MockitoContextCustomizer@0, org.springframework.boot.test.web.client.TestRestTemplateContextCustomizer@1c0341a6], resourceBasePath = 'src/main/webapp', contextLoader = 'org.springframework.boot.test.context.SpringBootContextLoader', parent = [null]], attributes = map['org.springframework.test.context.web.ServletTestExecutionListener.activateListener' -> false]]].
17:14:36.787 [Test worker] DEBUG org.springframework.test.context.support.TestPropertySourceUtils - Adding inlined properties to environment: {spring.jmx.enabled=false, org.springframework.boot.test.context.SpringBootTestContextBootstrapper=true, server.port=0}

  .   ____          _            __ _ _
 /\\ / ___'_ __ _ _(_)_ __  __ _ \ \ \ \
( ( )\___ | '_ | '_| | '_ \/ _` | \ \ \ \
 \\/  ___)| |_)| | | | | || (_| |  ) ) ) )
  '  |____| .__|_| |_|_| |_\__, | / / / /
 =========|_|==============|___/=/_/_/_/
 :: Spring Boot ::        (v2.1.7.RELEASE)

2021-04-26 17:14:37.069  INFO 14272 --- [    Test worker] c.j.springboot.web.IndexControllerTest   : Starting IndexControllerTest on DESKTOP-1Q5QTS0 with PID 14272 (started by user in C:\springboot-webservice-book)
2021-04-26 17:14:37.072  INFO 14272 --- [    Test worker] c.j.springboot.web.IndexControllerTest   : No active profile set, falling back to default profiles: default
2021-04-26 17:14:37.960  INFO 14272 --- [    Test worker] .s.d.r.c.RepositoryConfigurationDelegate : Bootstrapping Spring Data repositories in DEFAULT mode.
2021-04-26 17:14:38.032  INFO 14272 --- [    Test worker] .s.d.r.c.RepositoryConfigurationDelegate : Finished Spring Data repository scanning in 62ms. Found 1 repository interfaces.
2021-04-26 17:14:38.487  INFO 14272 --- [    Test worker] trationDelegate$BeanPostProcessorChecker : Bean 'org.springframework.transaction.annotation.ProxyTransactionManagementConfiguration' of type [org.springframework.transaction.annotation.ProxyTransactionManagementConfiguration$$EnhancerBySpringCGLIB$$52b11074] is not eligible for getting processed by all BeanPostProcessors (for example: not eligible for auto-proxying)
2021-04-26 17:14:39.123  INFO 14272 --- [    Test worker] o.s.b.w.embedded.tomcat.TomcatWebServer  : Tomcat initialized with port(s): 0 (http)
2021-04-26 17:14:39.158  INFO 14272 --- [    Test worker] o.apache.catalina.core.StandardService   : Starting service [Tomcat]
2021-04-26 17:14:39.159  INFO 14272 --- [    Test worker] org.apache.catalina.core.StandardEngine  : Starting Servlet engine: [Apache Tomcat/9.0.22]
2021-04-26 17:14:39.287  INFO 14272 --- [    Test worker] o.a.c.c.C.[Tomcat].[localhost].[/]       : Initializing Spring embedded WebApplicationContext
2021-04-26 17:14:39.287  INFO 14272 --- [    Test worker] o.s.web.context.ContextLoader            : Root WebApplicationContext: initialization completed in 2191 ms
2021-04-26 17:14:39.597  INFO 14272 --- [    Test worker] com.zaxxer.hikari.HikariDataSource       : HikariPool-1 - Starting...
2021-04-26 17:14:39.760  INFO 14272 --- [    Test worker] com.zaxxer.hikari.HikariDataSource       : HikariPool-1 - Start completed.
2021-04-26 17:14:39.858  INFO 14272 --- [    Test worker] o.hibernate.jpa.internal.util.LogHelper  : HHH000204: Processing PersistenceUnitInfo [
	name: default
	...]
2021-04-26 17:14:39.955  INFO 14272 --- [    Test worker] org.hibernate.Version                    : HHH000412: Hibernate Core {5.3.10.Final}
2021-04-26 17:14:39.957  INFO 14272 --- [    Test worker] org.hibernate.cfg.Environment            : HHH000206: hibernate.properties not found
2021-04-26 17:14:40.216  INFO 14272 --- [    Test worker] o.hibernate.annotations.common.Version   : HCANN000001: Hibernate Commons Annotations {5.0.4.Final}
2021-04-26 17:14:40.450  INFO 14272 --- [    Test worker] org.hibernate.dialect.Dialect            : HHH000400: Using dialect: org.hibernate.dialect.MySQL5InnoDBDialect
Hibernate: drop table if exists posts
Hibernate: create table posts (id bigint not null auto_increment, created_date datetime, modified_date datetime, author varchar(255), content varchar(255), title varchar(255), primary key (id)) engine=InnoDB
2021-04-26 17:14:41.151  INFO 14272 --- [    Test worker] o.h.t.schema.internal.SchemaCreatorImpl  : HHH000476: Executing import script 'org.hibernate.tool.schema.internal.exec.ScriptSourceInputNonExistentImpl@5e650b76'
2021-04-26 17:14:41.157  INFO 14272 --- [    Test worker] j.LocalContainerEntityManagerFactoryBean : Initialized JPA EntityManagerFactory for persistence unit 'default'
2021-04-26 17:14:42.264  INFO 14272 --- [    Test worker] o.s.s.concurrent.ThreadPoolTaskExecutor  : Initializing ExecutorService 'applicationTaskExecutor'
2021-04-26 17:14:42.332  WARN 14272 --- [    Test worker] aWebConfiguration$JpaWebMvcConfiguration : spring.jpa.open-in-view is enabled by default. Therefore, database queries may be performed during view rendering. Explicitly configure spring.jpa.open-in-view to disable this warning
2021-04-26 17:14:42.389  INFO 14272 --- [    Test worker] o.s.b.a.w.s.WelcomePageHandlerMapping    : Adding welcome page template: index
2021-04-26 17:14:42.772  INFO 14272 --- [    Test worker] o.s.b.w.embedded.tomcat.TomcatWebServer  : Tomcat started on port(s): 56114 (http) with context path ''
2021-04-26 17:14:42.774  INFO 14272 --- [    Test worker] c.j.springboot.web.IndexControllerTest   : Started IndexControllerTest in 5.985 seconds (JVM running for 6.869)
2021-04-26 17:14:42.958  INFO 14272 --- [o-auto-1-exec-1] o.a.c.c.C.[Tomcat].[localhost].[/]       : Initializing Spring DispatcherServlet 'dispatcherServlet'
2021-04-26 17:14:42.958  INFO 14272 --- [o-auto-1-exec-1] o.s.web.servlet.DispatcherServlet        : Initializing Servlet 'dispatcherServlet'
2021-04-26 17:14:42.983  INFO 14272 --- [o-auto-1-exec-1] o.s.web.servlet.DispatcherServlet        : Completed initialization in 25 ms
]]></system-out>
  <system-err><![CDATA[]]></system-err>
</testsuite>
